2020-11-26 07:32:47.001  INFO 23568 --- [main] br.com.agibank.analysis.ModelTests       : Starting ModelTests using Java 1.8.0_201 on sergio-OptiPlex-3060 with PID 23568 (started by sergio in /home/carlos/AGIBANK_WKSP/desafio-agibank)
2020-11-26 07:32:47.006  INFO 23568 --- [main] br.com.agibank.analysis.ModelTests       : No active profile set, falling back to default profiles: default
2020-11-26 07:32:47.267  INFO 23568 --- [main] b.c.agibank.analysis.job.ApplicationJob  : -------------------
2020-11-26 07:32:47.267  INFO 23568 --- [main] b.c.agibank.analysis.job.ApplicationJob  :  INI JOB
2020-11-26 07:32:47.267  INFO 23568 --- [main] b.c.agibank.analysis.job.ApplicationJob  : -------------------
2020-11-26 07:32:47.267  INFO 23568 --- [main] b.c.agibank.analysis.job.ApplicationJob  : Local directories created:
2020-11-26 07:32:47.267  INFO 23568 --- [main] b.c.agibank.analysis.job.ApplicationJob  : /home/carlos/data/in/
2020-11-26 07:32:47.267  INFO 23568 --- [main] b.c.agibank.analysis.job.ApplicationJob  : /home/carlos/data/out/
2020-11-26 07:32:47.326  INFO 23568 --- [main] o.s.s.c.ThreadPoolTaskScheduler          : Initializing ExecutorService 'taskScheduler'
2020-11-26 07:32:47.337  INFO 23568 --- [main] br.com.agibank.analysis.ModelTests       : Started ModelTests in 0.496 seconds (JVM running for 1.017)
2020-11-26 07:32:47.453  INFO 23568 --- [SpringContextShutdownHook] o.s.s.c.ThreadPoolTaskScheduler          : Shutting down ExecutorService 'taskScheduler'
2020-11-26 07:48:31.220  INFO 24692 --- [main] br.com.agibank.analysis.ReadFileTests    : Starting ReadFileTests using Java 1.8.0_201 on sergio-OptiPlex-3060 with PID 24692 (started by sergio in /home/carlos/AGIBANK_WKSP/desafio-agibank)
2020-11-26 07:48:31.222  INFO 24692 --- [main] br.com.agibank.analysis.ReadFileTests    : No active profile set, falling back to default profiles: default
2020-11-26 07:48:31.472  INFO 24692 --- [main] b.c.agibank.analysis.job.ApplicationJob  : -------------------
2020-11-26 07:48:31.473  INFO 24692 --- [main] b.c.agibank.analysis.job.ApplicationJob  :  INI JOB
2020-11-26 07:48:31.473  INFO 24692 --- [main] b.c.agibank.analysis.job.ApplicationJob  : -------------------
2020-11-26 07:48:31.473  INFO 24692 --- [main] b.c.agibank.analysis.job.ApplicationJob  : Local directories created:
2020-11-26 07:48:31.473  INFO 24692 --- [main] b.c.agibank.analysis.job.ApplicationJob  : /home/carlos/data/in/
2020-11-26 07:48:31.473  INFO 24692 --- [main] b.c.agibank.analysis.job.ApplicationJob  : /home/carlos/data/out/
2020-11-26 07:48:31.521  INFO 24692 --- [main] o.s.s.c.ThreadPoolTaskScheduler          : Initializing ExecutorService 'taskScheduler'
2020-11-26 07:48:31.532  INFO 24692 --- [main] br.com.agibank.analysis.ReadFileTests    : Started ReadFileTests in 0.483 seconds (JVM running for 1.356)
2020-11-26 07:48:31.564  INFO 24692 --- [SpringContextShutdownHook] o.s.s.c.ThreadPoolTaskScheduler          : Shutting down ExecutorService 'taskScheduler'
2020-11-26 08:10:33.774  INFO 26075 --- [main] br.com.agibank.analysis.ReadFileTests    : Starting ReadFileTests using Java 1.8.0_201 on sergio-OptiPlex-3060 with PID 26075 (started by sergio in /home/carlos/AGIBANK_WKSP/desafio-agibank)
2020-11-26 08:10:33.778  INFO 26075 --- [main] br.com.agibank.analysis.ReadFileTests    : No active profile set, falling back to default profiles: default
2020-11-26 08:10:34.061  INFO 26075 --- [main] b.c.agibank.analysis.job.ApplicationJob  : -------------------
2020-11-26 08:10:34.062  INFO 26075 --- [main] b.c.agibank.analysis.job.ApplicationJob  :  INI JOB
2020-11-26 08:10:34.062  INFO 26075 --- [main] b.c.agibank.analysis.job.ApplicationJob  : -------------------
2020-11-26 08:10:34.062  INFO 26075 --- [main] b.c.agibank.analysis.job.ApplicationJob  : Local directories created:
2020-11-26 08:10:34.062  INFO 26075 --- [main] b.c.agibank.analysis.job.ApplicationJob  : /home/carlos/data/in/
2020-11-26 08:10:34.062  INFO 26075 --- [main] b.c.agibank.analysis.job.ApplicationJob  : /home/carlos/data/out/
2020-11-26 08:10:34.118  INFO 26075 --- [main] o.s.s.c.ThreadPoolTaskScheduler          : Initializing ExecutorService 'taskScheduler'
2020-11-26 08:10:34.130  INFO 26075 --- [main] br.com.agibank.analysis.ReadFileTests    : Started ReadFileTests in 0.55 seconds (JVM running for 1.355)
2020-11-26 08:10:34.217  INFO 26075 --- [SpringContextShutdownHook] o.s.s.c.ThreadPoolTaskScheduler          : Shutting down ExecutorService 'taskScheduler'
2020-11-26 08:11:11.328  INFO 26163 --- [main] br.com.agibank.analysis.ReadFileTests    : Starting ReadFileTests using Java 1.8.0_201 on sergio-OptiPlex-3060 with PID 26163 (started by sergio in /home/carlos/AGIBANK_WKSP/desafio-agibank)
2020-11-26 08:11:11.330  INFO 26163 --- [main] br.com.agibank.analysis.ReadFileTests    : No active profile set, falling back to default profiles: default
2020-11-26 08:11:11.596  INFO 26163 --- [main] b.c.agibank.analysis.job.ApplicationJob  : -------------------
2020-11-26 08:11:11.597  INFO 26163 --- [main] b.c.agibank.analysis.job.ApplicationJob  :  INI JOB
2020-11-26 08:11:11.597  INFO 26163 --- [main] b.c.agibank.analysis.job.ApplicationJob  : -------------------
2020-11-26 08:11:11.597  INFO 26163 --- [main] b.c.agibank.analysis.job.ApplicationJob  : Local directories created:
2020-11-26 08:11:11.597  INFO 26163 --- [main] b.c.agibank.analysis.job.ApplicationJob  : /home/carlos/data/in/
2020-11-26 08:11:11.597  INFO 26163 --- [main] b.c.agibank.analysis.job.ApplicationJob  : /home/carlos/data/out/
2020-11-26 08:11:11.647  INFO 26163 --- [main] o.s.s.c.ThreadPoolTaskScheduler          : Initializing ExecutorService 'taskScheduler'
2020-11-26 08:11:11.658  INFO 26163 --- [main] br.com.agibank.analysis.ReadFileTests    : Started ReadFileTests in 0.502 seconds (JVM running for 1.277)
2020-11-26 08:11:11.691  INFO 26163 --- [SpringContextShutdownHook] o.s.s.c.ThreadPoolTaskScheduler          : Shutting down ExecutorService 'taskScheduler'
2020-11-26 08:22:48.666  INFO 27015 --- [main] br.com.agibank.analysis.ReadFileTests    : Starting ReadFileTests using Java 1.8.0_201 on sergio-OptiPlex-3060 with PID 27015 (started by sergio in /home/carlos/AGIBANK_WKSP/desafio-agibank)
2020-11-26 08:22:48.668  INFO 27015 --- [main] br.com.agibank.analysis.ReadFileTests    : No active profile set, falling back to default profiles: default
2020-11-26 08:22:48.919  INFO 27015 --- [main] b.c.agibank.analysis.job.ApplicationJob  : -------------------
2020-11-26 08:22:48.919  INFO 27015 --- [main] b.c.agibank.analysis.job.ApplicationJob  :  INI JOB
2020-11-26 08:22:48.919  INFO 27015 --- [main] b.c.agibank.analysis.job.ApplicationJob  : -------------------
2020-11-26 08:22:48.919  INFO 27015 --- [main] b.c.agibank.analysis.job.ApplicationJob  : Local directories created:
2020-11-26 08:22:48.919  INFO 27015 --- [main] b.c.agibank.analysis.job.ApplicationJob  : /home/carlos/data/in/
2020-11-26 08:22:48.919  INFO 27015 --- [main] b.c.agibank.analysis.job.ApplicationJob  : /home/carlos/data/out/
2020-11-26 08:22:48.975  INFO 27015 --- [main] o.s.s.c.ThreadPoolTaskScheduler          : Initializing ExecutorService 'taskScheduler'
2020-11-26 08:22:48.987  INFO 27015 --- [main] br.com.agibank.analysis.ReadFileTests    : Started ReadFileTests in 0.513 seconds (JVM running for 1.286)
2020-11-26 08:22:49.034  INFO 27015 --- [SpringContextShutdownHook] o.s.s.c.ThreadPoolTaskScheduler          : Shutting down ExecutorService 'taskScheduler'
2020-11-26 08:30:14.623  INFO 27853 --- [main] br.com.agibank.analysis.ReadFileTests    : Starting ReadFileTests using Java 1.8.0_201 on sergio-OptiPlex-3060 with PID 27853 (started by sergio in /home/carlos/AGIBANK_WKSP/desafio-agibank)
2020-11-26 08:30:14.625  INFO 27853 --- [main] br.com.agibank.analysis.ReadFileTests    : No active profile set, falling back to default profiles: default
2020-11-26 08:30:14.896  INFO 27853 --- [main] b.c.agibank.analysis.job.ApplicationJob  : -------------------
2020-11-26 08:30:14.897  INFO 27853 --- [main] b.c.agibank.analysis.job.ApplicationJob  :  INI JOB
2020-11-26 08:30:14.897  INFO 27853 --- [main] b.c.agibank.analysis.job.ApplicationJob  : -------------------
2020-11-26 08:30:14.897  INFO 27853 --- [main] b.c.agibank.analysis.job.ApplicationJob  : Local directories created:
2020-11-26 08:30:14.897  INFO 27853 --- [main] b.c.agibank.analysis.job.ApplicationJob  : /home/carlos/data/in/
2020-11-26 08:30:14.897  INFO 27853 --- [main] b.c.agibank.analysis.job.ApplicationJob  : /home/carlos/data/out/
2020-11-26 08:30:14.959  INFO 27853 --- [main] o.s.s.c.ThreadPoolTaskScheduler          : Initializing ExecutorService 'taskScheduler'
2020-11-26 08:30:14.972  INFO 27853 --- [main] br.com.agibank.analysis.ReadFileTests    : Started ReadFileTests in 0.531 seconds (JVM running for 1.322)
2020-11-26 08:30:15.014  INFO 27853 --- [SpringContextShutdownHook] o.s.s.c.ThreadPoolTaskScheduler          : Shutting down ExecutorService 'taskScheduler'
2020-11-26 08:30:52.458  INFO 27925 --- [main] br.com.agibank.analysis.ReadFileTests    : Starting ReadFileTests using Java 1.8.0_201 on sergio-OptiPlex-3060 with PID 27925 (started by sergio in /home/carlos/AGIBANK_WKSP/desafio-agibank)
2020-11-26 08:30:52.462  INFO 27925 --- [main] br.com.agibank.analysis.ReadFileTests    : No active profile set, falling back to default profiles: default
2020-11-26 08:30:52.736  INFO 27925 --- [main] b.c.agibank.analysis.job.ApplicationJob  : -------------------
2020-11-26 08:30:52.737  INFO 27925 --- [main] b.c.agibank.analysis.job.ApplicationJob  :  INI JOB
2020-11-26 08:30:52.737  INFO 27925 --- [main] b.c.agibank.analysis.job.ApplicationJob  : -------------------
2020-11-26 08:30:52.737  INFO 27925 --- [main] b.c.agibank.analysis.job.ApplicationJob  : Local directories created:
2020-11-26 08:30:52.737  INFO 27925 --- [main] b.c.agibank.analysis.job.ApplicationJob  : /home/carlos/data/in/
2020-11-26 08:30:52.737  INFO 27925 --- [main] b.c.agibank.analysis.job.ApplicationJob  : /home/carlos/data/out/
2020-11-26 08:30:52.793  INFO 27925 --- [main] o.s.s.c.ThreadPoolTaskScheduler          : Initializing ExecutorService 'taskScheduler'
2020-11-26 08:30:52.806  INFO 27925 --- [main] br.com.agibank.analysis.ReadFileTests    : Started ReadFileTests in 0.549 seconds (JVM running for 1.372)
2020-11-26 08:30:52.852  INFO 27925 --- [SpringContextShutdownHook] o.s.s.c.ThreadPoolTaskScheduler          : Shutting down ExecutorService 'taskScheduler'
2020-11-26 08:31:12.611  INFO 28008 --- [main] br.com.agibank.analysis.ReadFileTests    : Starting ReadFileTests using Java 1.8.0_201 on sergio-OptiPlex-3060 with PID 28008 (started by sergio in /home/carlos/AGIBANK_WKSP/desafio-agibank)
2020-11-26 08:31:12.613  INFO 28008 --- [main] br.com.agibank.analysis.ReadFileTests    : No active profile set, falling back to default profiles: default
2020-11-26 08:31:12.838  INFO 28008 --- [main] b.c.agibank.analysis.job.ApplicationJob  : -------------------
2020-11-26 08:31:12.839  INFO 28008 --- [main] b.c.agibank.analysis.job.ApplicationJob  :  INI JOB
2020-11-26 08:31:12.839  INFO 28008 --- [main] b.c.agibank.analysis.job.ApplicationJob  : -------------------
2020-11-26 08:31:12.839  INFO 28008 --- [main] b.c.agibank.analysis.job.ApplicationJob  : Local directories created:
2020-11-26 08:31:12.839  INFO 28008 --- [main] b.c.agibank.analysis.job.ApplicationJob  : /home/carlos/data/in/
2020-11-26 08:31:12.839  INFO 28008 --- [main] b.c.agibank.analysis.job.ApplicationJob  : /home/carlos/data/out/
2020-11-26 08:31:12.889  INFO 28008 --- [main] o.s.s.c.ThreadPoolTaskScheduler          : Initializing ExecutorService 'taskScheduler'
2020-11-26 08:31:12.901  INFO 28008 --- [main] br.com.agibank.analysis.ReadFileTests    : Started ReadFileTests in 0.451 seconds (JVM running for 1.183)
2020-11-26 08:31:12.940  INFO 28008 --- [SpringContextShutdownHook] o.s.s.c.ThreadPoolTaskScheduler          : Shutting down ExecutorService 'taskScheduler'
2020-11-26 08:35:37.424  INFO 28914 --- [main] br.com.agibank.analysis.ReadFileTests    : Starting ReadFileTests using Java 1.8.0_201 on sergio-OptiPlex-3060 with PID 28914 (started by sergio in /home/carlos/AGIBANK_WKSP/desafio-agibank)
2020-11-26 08:35:37.426  INFO 28914 --- [main] br.com.agibank.analysis.ReadFileTests    : No active profile set, falling back to default profiles: default
2020-11-26 08:35:37.663  INFO 28914 --- [main] b.c.agibank.analysis.job.ApplicationJob  : -------------------
2020-11-26 08:35:37.663  INFO 28914 --- [main] b.c.agibank.analysis.job.ApplicationJob  :  INI JOB
2020-11-26 08:35:37.663  INFO 28914 --- [main] b.c.agibank.analysis.job.ApplicationJob  : -------------------
2020-11-26 08:35:37.663  INFO 28914 --- [main] b.c.agibank.analysis.job.ApplicationJob  : Local directories created:
2020-11-26 08:35:37.663  INFO 28914 --- [main] b.c.agibank.analysis.job.ApplicationJob  : /home/carlos/data/in/
2020-11-26 08:35:37.663  INFO 28914 --- [main] b.c.agibank.analysis.job.ApplicationJob  : /home/carlos/data/out/
2020-11-26 08:35:37.730  INFO 28914 --- [main] o.s.s.c.ThreadPoolTaskScheduler          : Initializing ExecutorService 'taskScheduler'
2020-11-26 08:35:37.744  INFO 28914 --- [main] br.com.agibank.analysis.ReadFileTests    : Started ReadFileTests in 0.487 seconds (JVM running for 1.188)
2020-11-26 08:35:37.792  INFO 28914 --- [SpringContextShutdownHook] o.s.s.c.ThreadPoolTaskScheduler          : Shutting down ExecutorService 'taskScheduler'
2020-11-26 08:38:11.647  INFO 29246 --- [main] br.com.agibank.analysis.ReadFileTests    : Starting ReadFileTests using Java 1.8.0_201 on sergio-OptiPlex-3060 with PID 29246 (started by sergio in /home/carlos/AGIBANK_WKSP/desafio-agibank)
2020-11-26 08:38:11.650  INFO 29246 --- [main] br.com.agibank.analysis.ReadFileTests    : No active profile set, falling back to default profiles: default
2020-11-26 08:38:11.903  INFO 29246 --- [main] b.c.agibank.analysis.job.ApplicationJob  : -------------------
2020-11-26 08:38:11.903  INFO 29246 --- [main] b.c.agibank.analysis.job.ApplicationJob  :  INI JOB
2020-11-26 08:38:11.903  INFO 29246 --- [main] b.c.agibank.analysis.job.ApplicationJob  : -------------------
2020-11-26 08:38:11.903  INFO 29246 --- [main] b.c.agibank.analysis.job.ApplicationJob  : Local directories created:
2020-11-26 08:38:11.903  INFO 29246 --- [main] b.c.agibank.analysis.job.ApplicationJob  : /home/carlos/data/in/
2020-11-26 08:38:11.903  INFO 29246 --- [main] b.c.agibank.analysis.job.ApplicationJob  : /home/carlos/data/out/
2020-11-26 08:38:11.965  INFO 29246 --- [main] o.s.s.c.ThreadPoolTaskScheduler          : Initializing ExecutorService 'taskScheduler'
2020-11-26 08:38:11.980  INFO 29246 --- [main] br.com.agibank.analysis.ReadFileTests    : Started ReadFileTests in 0.538 seconds (JVM running for 1.36)
2020-11-26 08:38:12.031  INFO 29246 --- [SpringContextShutdownHook] o.s.s.c.ThreadPoolTaskScheduler          : Shutting down ExecutorService 'taskScheduler'
2020-11-26 08:41:46.973  INFO 29590 --- [main] br.com.agibank.analysis.ReadFileTests    : Starting ReadFileTests using Java 1.8.0_201 on sergio-OptiPlex-3060 with PID 29590 (started by sergio in /home/carlos/AGIBANK_WKSP/desafio-agibank)
2020-11-26 08:41:46.975  INFO 29590 --- [main] br.com.agibank.analysis.ReadFileTests    : No active profile set, falling back to default profiles: default
2020-11-26 08:41:47.222  INFO 29590 --- [main] b.c.agibank.analysis.job.ApplicationJob  : -------------------
2020-11-26 08:41:47.222  INFO 29590 --- [main] b.c.agibank.analysis.job.ApplicationJob  :  INI JOB
2020-11-26 08:41:47.222  INFO 29590 --- [main] b.c.agibank.analysis.job.ApplicationJob  : -------------------
2020-11-26 08:41:47.222  INFO 29590 --- [main] b.c.agibank.analysis.job.ApplicationJob  : Local directories created:
2020-11-26 08:41:47.222  INFO 29590 --- [main] b.c.agibank.analysis.job.ApplicationJob  : /home/carlos/data/in/
2020-11-26 08:41:47.222  INFO 29590 --- [main] b.c.agibank.analysis.job.ApplicationJob  : /home/carlos/data/out/
2020-11-26 08:41:47.274  INFO 29590 --- [main] o.s.s.c.ThreadPoolTaskScheduler          : Initializing ExecutorService 'taskScheduler'
2020-11-26 08:41:47.287  INFO 29590 --- [main] br.com.agibank.analysis.ReadFileTests    : Started ReadFileTests in 0.487 seconds (JVM running for 1.257)
2020-11-26 08:41:47.329  INFO 29590 --- [SpringContextShutdownHook] o.s.s.c.ThreadPoolTaskScheduler          : Shutting down ExecutorService 'taskScheduler'
2020-11-26 08:42:15.853  INFO 29631 --- [main] br.com.agibank.analysis.ReadFileTests    : Starting ReadFileTests using Java 1.8.0_201 on sergio-OptiPlex-3060 with PID 29631 (started by sergio in /home/carlos/AGIBANK_WKSP/desafio-agibank)
2020-11-26 08:42:15.856  INFO 29631 --- [main] br.com.agibank.analysis.ReadFileTests    : No active profile set, falling back to default profiles: default
2020-11-26 08:42:16.283  INFO 29631 --- [main] b.c.agibank.analysis.job.ApplicationJob  : -------------------
2020-11-26 08:42:16.284  INFO 29631 --- [main] b.c.agibank.analysis.job.ApplicationJob  :  INI JOB
2020-11-26 08:42:16.284  INFO 29631 --- [main] b.c.agibank.analysis.job.ApplicationJob  : -------------------
2020-11-26 08:42:16.284  INFO 29631 --- [main] b.c.agibank.analysis.job.ApplicationJob  : Local directories created:
2020-11-26 08:42:16.284  INFO 29631 --- [main] b.c.agibank.analysis.job.ApplicationJob  : /home/carlos/data/in/
2020-11-26 08:42:16.284  INFO 29631 --- [main] b.c.agibank.analysis.job.ApplicationJob  : /home/carlos/data/out/
2020-11-26 08:42:16.394  INFO 29631 --- [main] o.s.s.c.ThreadPoolTaskScheduler          : Initializing ExecutorService 'taskScheduler'
2020-11-26 08:42:16.410  INFO 29631 --- [main] br.com.agibank.analysis.ReadFileTests    : Started ReadFileTests in 0.835 seconds (JVM running for 15.241)
2020-11-26 08:43:24.256  INFO 29867 --- [main] br.com.agibank.analysis.ReadFileTests    : Starting ReadFileTests using Java 1.8.0_201 on sergio-OptiPlex-3060 with PID 29867 (started by sergio in /home/carlos/AGIBANK_WKSP/desafio-agibank)
2020-11-26 08:43:24.258  INFO 29867 --- [main] br.com.agibank.analysis.ReadFileTests    : No active profile set, falling back to default profiles: default
2020-11-26 08:43:24.482  INFO 29867 --- [main] b.c.agibank.analysis.job.ApplicationJob  : -------------------
2020-11-26 08:43:24.482  INFO 29867 --- [main] b.c.agibank.analysis.job.ApplicationJob  :  INI JOB
2020-11-26 08:43:24.482  INFO 29867 --- [main] b.c.agibank.analysis.job.ApplicationJob  : -------------------
2020-11-26 08:43:24.482  INFO 29867 --- [main] b.c.agibank.analysis.job.ApplicationJob  : Local directories created:
2020-11-26 08:43:24.482  INFO 29867 --- [main] b.c.agibank.analysis.job.ApplicationJob  : /home/carlos/data/in/
2020-11-26 08:43:24.482  INFO 29867 --- [main] b.c.agibank.analysis.job.ApplicationJob  : /home/carlos/data/out/
2020-11-26 08:43:24.530  INFO 29867 --- [main] o.s.s.c.ThreadPoolTaskScheduler          : Initializing ExecutorService 'taskScheduler'
2020-11-26 08:43:24.542  INFO 29867 --- [main] br.com.agibank.analysis.ReadFileTests    : Started ReadFileTests in 0.463 seconds (JVM running for 1.289)
2020-11-26 08:43:24.590  INFO 29867 --- [SpringContextShutdownHook] o.s.s.c.ThreadPoolTaskScheduler          : Shutting down ExecutorService 'taskScheduler'
2020-11-26 08:43:37.175  INFO 29903 --- [main] br.com.agibank.analysis.ReadFileTests    : Starting ReadFileTests using Java 1.8.0_201 on sergio-OptiPlex-3060 with PID 29903 (started by sergio in /home/carlos/AGIBANK_WKSP/desafio-agibank)
2020-11-26 08:43:37.177  INFO 29903 --- [main] br.com.agibank.analysis.ReadFileTests    : No active profile set, falling back to default profiles: default
2020-11-26 08:43:37.569  INFO 29903 --- [main] b.c.agibank.analysis.job.ApplicationJob  : -------------------
2020-11-26 08:43:37.569  INFO 29903 --- [main] b.c.agibank.analysis.job.ApplicationJob  :  INI JOB
2020-11-26 08:43:37.569  INFO 29903 --- [main] b.c.agibank.analysis.job.ApplicationJob  : -------------------
2020-11-26 08:43:37.569  INFO 29903 --- [main] b.c.agibank.analysis.job.ApplicationJob  : Local directories created:
2020-11-26 08:43:37.569  INFO 29903 --- [main] b.c.agibank.analysis.job.ApplicationJob  : /home/carlos/data/in/
2020-11-26 08:43:37.569  INFO 29903 --- [main] b.c.agibank.analysis.job.ApplicationJob  : /home/carlos/data/out/
2020-11-26 08:43:37.656  INFO 29903 --- [main] o.s.s.c.ThreadPoolTaskScheduler          : Initializing ExecutorService 'taskScheduler'
2020-11-26 08:43:37.675  INFO 29903 --- [main] br.com.agibank.analysis.ReadFileTests    : Started ReadFileTests in 0.796 seconds (JVM running for 3.406)
2020-11-26 08:44:36.884  INFO 30030 --- [main] br.com.agibank.analysis.ReadFileTests    : Starting ReadFileTests using Java 1.8.0_201 on sergio-OptiPlex-3060 with PID 30030 (started by sergio in /home/carlos/AGIBANK_WKSP/desafio-agibank)
2020-11-26 08:44:36.886  INFO 30030 --- [main] br.com.agibank.analysis.ReadFileTests    : No active profile set, falling back to default profiles: default
2020-11-26 08:44:37.132  INFO 30030 --- [main] b.c.agibank.analysis.job.ApplicationJob  : -------------------
2020-11-26 08:44:37.133  INFO 30030 --- [main] b.c.agibank.analysis.job.ApplicationJob  :  INI JOB
2020-11-26 08:44:37.133  INFO 30030 --- [main] b.c.agibank.analysis.job.ApplicationJob  : -------------------
2020-11-26 08:44:37.133  INFO 30030 --- [main] b.c.agibank.analysis.job.ApplicationJob  : Local directories created:
2020-11-26 08:44:37.133  INFO 30030 --- [main] b.c.agibank.analysis.job.ApplicationJob  : /home/carlos/data/in/
2020-11-26 08:44:37.133  INFO 30030 --- [main] b.c.agibank.analysis.job.ApplicationJob  : /home/carlos/data/out/
2020-11-26 08:44:37.178  INFO 30030 --- [main] o.s.s.c.ThreadPoolTaskScheduler          : Initializing ExecutorService 'taskScheduler'
2020-11-26 08:44:37.189  INFO 30030 --- [main] br.com.agibank.analysis.ReadFileTests    : Started ReadFileTests in 0.475 seconds (JVM running for 1.24)
2020-11-26 08:44:37.230  INFO 30030 --- [SpringContextShutdownHook] o.s.s.c.ThreadPoolTaskScheduler          : Shutting down ExecutorService 'taskScheduler'
2020-11-26 08:45:15.753  INFO 30089 --- [main] br.com.agibank.analysis.ReadFileTests    : Starting ReadFileTests using Java 1.8.0_201 on sergio-OptiPlex-3060 with PID 30089 (started by sergio in /home/carlos/AGIBANK_WKSP/desafio-agibank)
2020-11-26 08:45:15.755  INFO 30089 --- [main] br.com.agibank.analysis.ReadFileTests    : No active profile set, falling back to default profiles: default
2020-11-26 08:45:16.029  INFO 30089 --- [main] b.c.agibank.analysis.job.ApplicationJob  : -------------------
2020-11-26 08:45:16.029  INFO 30089 --- [main] b.c.agibank.analysis.job.ApplicationJob  :  INI JOB
2020-11-26 08:45:16.030  INFO 30089 --- [main] b.c.agibank.analysis.job.ApplicationJob  : -------------------
2020-11-26 08:45:16.030  INFO 30089 --- [main] b.c.agibank.analysis.job.ApplicationJob  : Local directories created:
2020-11-26 08:45:16.030  INFO 30089 --- [main] b.c.agibank.analysis.job.ApplicationJob  : /home/carlos/data/in/
2020-11-26 08:45:16.030  INFO 30089 --- [main] b.c.agibank.analysis.job.ApplicationJob  : /home/carlos/data/out/
2020-11-26 08:45:16.101  INFO 30089 --- [main] o.s.s.c.ThreadPoolTaskScheduler          : Initializing ExecutorService 'taskScheduler'
2020-11-26 08:45:16.117  INFO 30089 --- [main] br.com.agibank.analysis.ReadFileTests    : Started ReadFileTests in 0.532 seconds (JVM running for 1.276)
2020-11-26 08:45:16.165  INFO 30089 --- [SpringContextShutdownHook] o.s.s.c.ThreadPoolTaskScheduler          : Shutting down ExecutorService 'taskScheduler'
2020-11-26 08:48:57.196  INFO 30408 --- [main] br.com.agibank.analysis.ReadFileTests    : Starting ReadFileTests using Java 1.8.0_201 on sergio-OptiPlex-3060 with PID 30408 (started by sergio in /home/carlos/AGIBANK_WKSP/desafio-agibank)
2020-11-26 08:48:57.200  INFO 30408 --- [main] br.com.agibank.analysis.ReadFileTests    : No active profile set, falling back to default profiles: default
2020-11-26 08:48:57.583  INFO 30408 --- [main] b.c.agibank.analysis.job.ApplicationJob  : -------------------
2020-11-26 08:48:57.584  INFO 30408 --- [main] b.c.agibank.analysis.job.ApplicationJob  :  INI JOB
2020-11-26 08:48:57.584  INFO 30408 --- [main] b.c.agibank.analysis.job.ApplicationJob  : -------------------
2020-11-26 08:48:57.584  INFO 30408 --- [main] b.c.agibank.analysis.job.ApplicationJob  : Local directories created:
2020-11-26 08:48:57.584  INFO 30408 --- [main] b.c.agibank.analysis.job.ApplicationJob  : /home/carlos/data/in/
2020-11-26 08:48:57.584  INFO 30408 --- [main] b.c.agibank.analysis.job.ApplicationJob  : /home/carlos/data/out/
2020-11-26 08:48:57.667  INFO 30408 --- [main] o.s.s.c.ThreadPoolTaskScheduler          : Initializing ExecutorService 'taskScheduler'
2020-11-26 08:48:57.680  INFO 30408 --- [main] br.com.agibank.analysis.ReadFileTests    : Started ReadFileTests in 0.795 seconds (JVM running for 3.425)
2020-11-26 08:49:31.165  INFO 30408 --- [SpringContextShutdownHook] o.s.s.c.ThreadPoolTaskScheduler          : Shutting down ExecutorService 'taskScheduler'
2020-11-26 08:50:39.213  INFO 30568 --- [main] b.c.a.a.DesafioAgibankApplication        : Starting DesafioAgibankApplication using Java 1.8.0_201 on sergio-OptiPlex-3060 with PID 30568 (/home/carlos/AGIBANK_WKSP/desafio-agibank/target/classes started by sergio in /home/carlos/AGIBANK_WKSP/desafio-agibank)
2020-11-26 08:50:39.215  INFO 30568 --- [main] b.c.a.a.DesafioAgibankApplication        : No active profile set, falling back to default profiles: default
2020-11-26 08:50:39.473  INFO 30568 --- [main] b.c.agibank.analysis.job.ApplicationJob  : -------------------
2020-11-26 08:50:39.473  INFO 30568 --- [main] b.c.agibank.analysis.job.ApplicationJob  :  INI JOB
2020-11-26 08:50:39.473  INFO 30568 --- [main] b.c.agibank.analysis.job.ApplicationJob  : -------------------
2020-11-26 08:50:39.473  INFO 30568 --- [main] b.c.agibank.analysis.job.ApplicationJob  : Local directories created:
2020-11-26 08:50:39.474  INFO 30568 --- [main] b.c.agibank.analysis.job.ApplicationJob  : /home/carlos/data/in/
2020-11-26 08:50:39.474  INFO 30568 --- [main] b.c.agibank.analysis.job.ApplicationJob  : /home/carlos/data/out/
2020-11-26 08:50:39.515  INFO 30568 --- [main] o.s.s.c.ThreadPoolTaskScheduler          : Initializing ExecutorService 'taskScheduler'
2020-11-26 08:50:39.525  INFO 30568 --- [main] b.c.a.a.DesafioAgibankApplication        : Started DesafioAgibankApplication in 0.536 seconds (JVM running for 0.915)
2020-11-26 08:50:57.874  INFO 30626 --- [main] br.com.agibank.analysis.ReadFileTests    : Starting ReadFileTests using Java 1.8.0_201 on sergio-OptiPlex-3060 with PID 30626 (started by sergio in /home/carlos/AGIBANK_WKSP/desafio-agibank)
2020-11-26 08:50:57.876  INFO 30626 --- [main] br.com.agibank.analysis.ReadFileTests    : No active profile set, falling back to default profiles: default
2020-11-26 08:50:58.231  INFO 30626 --- [main] b.c.agibank.analysis.job.ApplicationJob  : -------------------
2020-11-26 08:50:58.232  INFO 30626 --- [main] b.c.agibank.analysis.job.ApplicationJob  :  INI JOB
2020-11-26 08:50:58.232  INFO 30626 --- [main] b.c.agibank.analysis.job.ApplicationJob  : -------------------
2020-11-26 08:50:58.232  INFO 30626 --- [main] b.c.agibank.analysis.job.ApplicationJob  : Local directories created:
2020-11-26 08:50:58.232  INFO 30626 --- [main] b.c.agibank.analysis.job.ApplicationJob  : /home/carlos/data/in/
2020-11-26 08:50:58.232  INFO 30626 --- [main] b.c.agibank.analysis.job.ApplicationJob  : /home/carlos/data/out/
2020-11-26 08:50:58.301  INFO 30626 --- [main] o.s.s.c.ThreadPoolTaskScheduler          : Initializing ExecutorService 'taskScheduler'
2020-11-26 08:50:58.315  INFO 30626 --- [main] br.com.agibank.analysis.ReadFileTests    : Started ReadFileTests in 0.766 seconds (JVM running for 4.806)
2020-11-26 08:52:20.517  INFO 30626 --- [SpringContextShutdownHook] o.s.s.c.ThreadPoolTaskScheduler          : Shutting down ExecutorService 'taskScheduler'
2020-11-26 08:53:36.291  INFO 30916 --- [main] br.com.agibank.analysis.ReadFileTests    : Starting ReadFileTests using Java 1.8.0_201 on sergio-OptiPlex-3060 with PID 30916 (started by sergio in /home/carlos/AGIBANK_WKSP/desafio-agibank)
2020-11-26 08:53:36.294  INFO 30916 --- [main] br.com.agibank.analysis.ReadFileTests    : No active profile set, falling back to default profiles: default
2020-11-26 08:53:36.656  INFO 30916 --- [main] b.c.agibank.analysis.job.ApplicationJob  : -------------------
2020-11-26 08:53:36.657  INFO 30916 --- [main] b.c.agibank.analysis.job.ApplicationJob  :  INI JOB
2020-11-26 08:53:36.657  INFO 30916 --- [main] b.c.agibank.analysis.job.ApplicationJob  : -------------------
2020-11-26 08:53:36.657  INFO 30916 --- [main] b.c.agibank.analysis.job.ApplicationJob  : Local directories created:
2020-11-26 08:53:36.657  INFO 30916 --- [main] b.c.agibank.analysis.job.ApplicationJob  : /home/carlos/data/in/
2020-11-26 08:53:36.657  INFO 30916 --- [main] b.c.agibank.analysis.job.ApplicationJob  : /home/carlos/data/out/
2020-11-26 08:53:36.737  INFO 30916 --- [main] o.s.s.c.ThreadPoolTaskScheduler          : Initializing ExecutorService 'taskScheduler'
2020-11-26 08:53:36.753  INFO 30916 --- [main] br.com.agibank.analysis.ReadFileTests    : Started ReadFileTests in 0.743 seconds (JVM running for 3.365)
2020-11-26 08:53:47.204  INFO 30916 --- [SpringContextShutdownHook] o.s.s.c.ThreadPoolTaskScheduler          : Shutting down ExecutorService 'taskScheduler'
2020-11-26 08:53:57.882  INFO 31005 --- [main] br.com.agibank.analysis.ReadFileTests    : Starting ReadFileTests using Java 1.8.0_201 on sergio-OptiPlex-3060 with PID 31005 (started by sergio in /home/carlos/AGIBANK_WKSP/desafio-agibank)
2020-11-26 08:53:57.884  INFO 31005 --- [main] br.com.agibank.analysis.ReadFileTests    : No active profile set, falling back to default profiles: default
2020-11-26 08:53:58.147  INFO 31005 --- [main] b.c.agibank.analysis.job.ApplicationJob  : -------------------
2020-11-26 08:53:58.148  INFO 31005 --- [main] b.c.agibank.analysis.job.ApplicationJob  :  INI JOB
2020-11-26 08:53:58.148  INFO 31005 --- [main] b.c.agibank.analysis.job.ApplicationJob  : -------------------
2020-11-26 08:53:58.148  INFO 31005 --- [main] b.c.agibank.analysis.job.ApplicationJob  : Local directories created:
2020-11-26 08:53:58.148  INFO 31005 --- [main] b.c.agibank.analysis.job.ApplicationJob  : /home/carlos/data/in/
2020-11-26 08:53:58.148  INFO 31005 --- [main] b.c.agibank.analysis.job.ApplicationJob  : /home/carlos/data/out/
2020-11-26 08:53:58.202  INFO 31005 --- [main] o.s.s.c.ThreadPoolTaskScheduler          : Initializing ExecutorService 'taskScheduler'
2020-11-26 08:53:58.214  INFO 31005 --- [main] br.com.agibank.analysis.ReadFileTests    : Started ReadFileTests in 0.532 seconds (JVM running for 1.342)
2020-11-26 08:53:58.259  INFO 31005 --- [SpringContextShutdownHook] o.s.s.c.ThreadPoolTaskScheduler          : Shutting down ExecutorService 'taskScheduler'
2020-11-26 08:54:57.885  INFO 31095 --- [main] br.com.agibank.analysis.ReadFileTests    : Starting ReadFileTests using Java 1.8.0_201 on sergio-OptiPlex-3060 with PID 31095 (started by sergio in /home/carlos/AGIBANK_WKSP/desafio-agibank)
2020-11-26 08:54:57.889  INFO 31095 --- [main] br.com.agibank.analysis.ReadFileTests    : No active profile set, falling back to default profiles: default
2020-11-26 08:54:58.146  INFO 31095 --- [main] b.c.agibank.analysis.job.ApplicationJob  : -------------------
2020-11-26 08:54:58.146  INFO 31095 --- [main] b.c.agibank.analysis.job.ApplicationJob  :  INI JOB
2020-11-26 08:54:58.146  INFO 31095 --- [main] b.c.agibank.analysis.job.ApplicationJob  : -------------------
2020-11-26 08:54:58.146  INFO 31095 --- [main] b.c.agibank.analysis.job.ApplicationJob  : Local directories created:
2020-11-26 08:54:58.146  INFO 31095 --- [main] b.c.agibank.analysis.job.ApplicationJob  : /home/carlos/data/in/
2020-11-26 08:54:58.146  INFO 31095 --- [main] b.c.agibank.analysis.job.ApplicationJob  : /home/carlos/data/out/
2020-11-26 08:54:58.199  INFO 31095 --- [main] o.s.s.c.ThreadPoolTaskScheduler          : Initializing ExecutorService 'taskScheduler'
2020-11-26 08:54:58.212  INFO 31095 --- [main] br.com.agibank.analysis.ReadFileTests    : Started ReadFileTests in 0.505 seconds (JVM running for 1.278)
2020-11-26 08:54:58.262  INFO 31095 --- [SpringContextShutdownHook] o.s.s.c.ThreadPoolTaskScheduler          : Shutting down ExecutorService 'taskScheduler'
2020-11-26 08:57:59.106  INFO 31177 --- [main] b.c.a.a.DesafioAgibankApplication        : Starting DesafioAgibankApplication using Java 1.8.0_201 on sergio-OptiPlex-3060 with PID 31177 (/home/carlos/AGIBANK_WKSP/desafio-agibank/target/classes started by sergio in /home/carlos/AGIBANK_WKSP/desafio-agibank)
2020-11-26 08:57:59.108  INFO 31177 --- [main] b.c.a.a.DesafioAgibankApplication        : No active profile set, falling back to default profiles: default
2020-11-26 08:57:59.321  INFO 31177 --- [main] b.c.agibank.analysis.job.ApplicationJob  : -------------------
2020-11-26 08:57:59.321  INFO 31177 --- [main] b.c.agibank.analysis.job.ApplicationJob  :  INI JOB
2020-11-26 08:57:59.321  INFO 31177 --- [main] b.c.agibank.analysis.job.ApplicationJob  : -------------------
2020-11-26 08:57:59.322  INFO 31177 --- [main] b.c.agibank.analysis.job.ApplicationJob  : Local directories created:
2020-11-26 08:57:59.322  INFO 31177 --- [main] b.c.agibank.analysis.job.ApplicationJob  : /home/carlos/data/in/
2020-11-26 08:57:59.322  INFO 31177 --- [main] b.c.agibank.analysis.job.ApplicationJob  : /home/carlos/data/out/
2020-11-26 08:57:59.354  INFO 31177 --- [main] o.s.s.c.ThreadPoolTaskScheduler          : Initializing ExecutorService 'taskScheduler'
2020-11-26 08:57:59.365  INFO 31177 --- [main] b.c.a.a.DesafioAgibankApplication        : Started DesafioAgibankApplication in 0.447 seconds (JVM running for 0.711)
2020-11-26 08:59:14.740  INFO 31177 --- [RMI TCP Connection(2)-127.0.0.1] inMXBeanRegistrar$SpringApplicationAdmin : Application shutdown requested.
2020-11-26 08:59:14.744  INFO 31177 --- [RMI TCP Connection(2)-127.0.0.1] o.s.s.c.ThreadPoolTaskScheduler          : Shutting down ExecutorService 'taskScheduler'
2020-11-26 14:00:14.874  INFO 10017 --- [main] br.com.agibank.analysis.ReadFileTests    : Starting ReadFileTests using Java 1.8.0_201 on sergio-OptiPlex-3060 with PID 10017 (started by sergio in /home/carlos/AGIBANK_WKSP/desafio-agibank)
2020-11-26 14:00:14.900  INFO 10017 --- [main] br.com.agibank.analysis.ReadFileTests    : No active profile set, falling back to default profiles: default
2020-11-26 14:00:15.168  INFO 10017 --- [main] b.c.agibank.analysis.job.ApplicationJob  : -------------------
2020-11-26 14:00:15.168  INFO 10017 --- [main] b.c.agibank.analysis.job.ApplicationJob  :  INI JOB
2020-11-26 14:00:15.168  INFO 10017 --- [main] b.c.agibank.analysis.job.ApplicationJob  : -------------------
2020-11-26 14:00:15.168  INFO 10017 --- [main] b.c.agibank.analysis.job.ApplicationJob  : Local directories created:
2020-11-26 14:00:15.169  INFO 10017 --- [main] b.c.agibank.analysis.job.ApplicationJob  : /home/carlos/data/in/
2020-11-26 14:00:15.169  INFO 10017 --- [main] b.c.agibank.analysis.job.ApplicationJob  : /home/carlos/data/out/
2020-11-26 14:00:15.227  INFO 10017 --- [main] o.s.s.c.ThreadPoolTaskScheduler          : Initializing ExecutorService 'taskScheduler'
2020-11-26 14:00:15.241  INFO 10017 --- [main] br.com.agibank.analysis.ReadFileTests    : Started ReadFileTests in 0.574 seconds (JVM running for 1.6)
2020-11-26 14:00:15.292  INFO 10017 --- [SpringContextShutdownHook] o.s.s.c.ThreadPoolTaskScheduler          : Shutting down ExecutorService 'taskScheduler'
2020-11-26 14:03:32.123  INFO 10140 --- [main] br.com.agibank.analysis.ModelTests       : Starting ModelTests using Java 1.8.0_201 on sergio-OptiPlex-3060 with PID 10140 (started by sergio in /home/carlos/AGIBANK_WKSP/desafio-agibank)
2020-11-26 14:03:32.125  INFO 10140 --- [main] br.com.agibank.analysis.ModelTests       : No active profile set, falling back to default profiles: default
2020-11-26 14:03:32.428  INFO 10140 --- [main] b.c.agibank.analysis.job.ApplicationJob  : -------------------
2020-11-26 14:03:32.428  INFO 10140 --- [main] b.c.agibank.analysis.job.ApplicationJob  :  INI JOB
2020-11-26 14:03:32.428  INFO 10140 --- [main] b.c.agibank.analysis.job.ApplicationJob  : -------------------
2020-11-26 14:03:32.428  INFO 10140 --- [main] b.c.agibank.analysis.job.ApplicationJob  : Local directories created:
2020-11-26 14:03:32.428  INFO 10140 --- [main] b.c.agibank.analysis.job.ApplicationJob  : /home/carlos/data/in/
2020-11-26 14:03:32.428  INFO 10140 --- [main] b.c.agibank.analysis.job.ApplicationJob  : /home/carlos/data/out/
2020-11-26 14:03:32.484  INFO 10140 --- [main] o.s.s.c.ThreadPoolTaskScheduler          : Initializing ExecutorService 'taskScheduler'
2020-11-26 14:03:32.495  INFO 10140 --- [main] br.com.agibank.analysis.ModelTests       : Started ModelTests in 0.602 seconds (JVM running for 1.349)
2020-11-26 14:03:32.605  INFO 10140 --- [SpringContextShutdownHook] o.s.s.c.ThreadPoolTaskScheduler          : Shutting down ExecutorService 'taskScheduler'
2020-11-26 14:04:45.005  INFO 10211 --- [main] br.com.agibank.analysis.ModelTests       : Starting ModelTests using Java 1.8.0_201 on sergio-OptiPlex-3060 with PID 10211 (started by sergio in /home/carlos/AGIBANK_WKSP/desafio-agibank)
2020-11-26 14:04:45.008  INFO 10211 --- [main] br.com.agibank.analysis.ModelTests       : No active profile set, falling back to default profiles: default
2020-11-26 14:04:45.314  INFO 10211 --- [main] b.c.agibank.analysis.job.ApplicationJob  : -------------------
2020-11-26 14:04:45.314  INFO 10211 --- [main] b.c.agibank.analysis.job.ApplicationJob  :  INI JOB
2020-11-26 14:04:45.314  INFO 10211 --- [main] b.c.agibank.analysis.job.ApplicationJob  : -------------------
2020-11-26 14:04:45.314  INFO 10211 --- [main] b.c.agibank.analysis.job.ApplicationJob  : Local directories created:
2020-11-26 14:04:45.314  INFO 10211 --- [main] b.c.agibank.analysis.job.ApplicationJob  : /home/carlos/data/in/
2020-11-26 14:04:45.314  INFO 10211 --- [main] b.c.agibank.analysis.job.ApplicationJob  : /home/carlos/data/out/
2020-11-26 14:04:45.364  INFO 10211 --- [main] o.s.s.c.ThreadPoolTaskScheduler          : Initializing ExecutorService 'taskScheduler'
2020-11-26 14:04:45.377  INFO 10211 --- [main] br.com.agibank.analysis.ModelTests       : Started ModelTests in 0.579 seconds (JVM running for 1.271)
2020-11-26 14:04:45.496  INFO 10211 --- [SpringContextShutdownHook] o.s.s.c.ThreadPoolTaskScheduler          : Shutting down ExecutorService 'taskScheduler'
2020-11-26 14:54:40.213  INFO 12842 --- [main] b.c.a.a.DesafioAgibankApplication        : Starting DesafioAgibankApplication using Java 1.8.0_201 on sergio-OptiPlex-3060 with PID 12842 (/home/carlos/AGIBANK_WKSP/desafio-agibank/target/classes started by sergio in /home/carlos/AGIBANK_WKSP/desafio-agibank)
2020-11-26 14:54:40.215  INFO 12842 --- [main] b.c.a.a.DesafioAgibankApplication        : No active profile set, falling back to default profiles: default
2020-11-26 14:54:40.496  INFO 12842 --- [main] b.c.agibank.analysis.job.ApplicationJob  : -------------------
2020-11-26 14:54:40.496  INFO 12842 --- [main] b.c.agibank.analysis.job.ApplicationJob  :  INI JOB
2020-11-26 14:54:40.496  INFO 12842 --- [main] b.c.agibank.analysis.job.ApplicationJob  : -------------------
2020-11-26 14:54:40.496  INFO 12842 --- [main] b.c.agibank.analysis.job.ApplicationJob  : Local directories created:
2020-11-26 14:54:40.496  INFO 12842 --- [main] b.c.agibank.analysis.job.ApplicationJob  : /home/carlos/data/in/
2020-11-26 14:54:40.496  INFO 12842 --- [main] b.c.agibank.analysis.job.ApplicationJob  : /home/carlos/data/out/
2020-11-26 14:54:40.543  INFO 12842 --- [main] o.s.s.c.ThreadPoolTaskScheduler          : Initializing ExecutorService 'taskScheduler'
2020-11-26 14:54:40.557  INFO 12842 --- [main] b.c.a.a.DesafioAgibankApplication        : Started DesafioAgibankApplication in 0.579 seconds (JVM running for 0.955)
2020-11-26 15:12:55.189  INFO 15423 --- [main] b.c.a.a.DesafioAgibankApplication        : Starting DesafioAgibankApplication using Java 1.8.0_201 on sergio-OptiPlex-3060 with PID 15423 (/home/carlos/AGIBANK_WKSP/desafio-agibank/target/classes started by sergio in /home/carlos/AGIBANK_WKSP/desafio-agibank)
2020-11-26 15:12:55.207  INFO 15423 --- [main] b.c.a.a.DesafioAgibankApplication        : No active profile set, falling back to default profiles: default
2020-11-26 15:12:55.481  INFO 15423 --- [main] b.c.agibank.analysis.job.ApplicationJob  : -------------------
2020-11-26 15:12:55.481  INFO 15423 --- [main] b.c.agibank.analysis.job.ApplicationJob  :  INI JOB
2020-11-26 15:12:55.481  INFO 15423 --- [main] b.c.agibank.analysis.job.ApplicationJob  : -------------------
2020-11-26 15:12:55.481  INFO 15423 --- [main] b.c.agibank.analysis.job.ApplicationJob  : Local directories created:
2020-11-26 15:12:55.481  INFO 15423 --- [main] b.c.agibank.analysis.job.ApplicationJob  : /home/carlos/data/in/
2020-11-26 15:12:55.481  INFO 15423 --- [main] b.c.agibank.analysis.job.ApplicationJob  : /home/carlos/data/out/
2020-11-26 15:12:55.521  INFO 15423 --- [main] o.s.s.c.ThreadPoolTaskScheduler          : Initializing ExecutorService 'taskScheduler'
2020-11-26 15:12:55.533  INFO 15423 --- [main] b.c.a.a.DesafioAgibankApplication        : Started DesafioAgibankApplication in 0.573 seconds (JVM running for 0.999)
